<?xml version="1.0" encoding="UTF-8"?>
<testsuites name="jest tests" tests="67" failures="0" errors="0" time="24.706">
  <testsuite name="Containers E2E" errors="0" failures="0" skipped="0" timestamp="2026-07-11T12:48:50" time="22.108" tests="67">
    <testcase classname="Containers E2E POST /v1/containers should create a container (admin)" name="Containers E2E POST /v1/containers should create a container (admin)" time="0.228">
    </testcase>
    <testcase classname="Containers E2E POST /v1/containers should trim container name and description" name="Containers E2E POST /v1/containers should trim container name and description" time="0.07">
    </testcase>
    <testcase classname="Containers E2E POST /v1/containers should create a container with only required fields" name="Containers E2E POST /v1/containers should create a container with only required fields" time="0.049">
    </testcase>
    <testcase classname="Containers E2E POST /v1/containers should fail for user role" name="Containers E2E POST /v1/containers should fail for user role" time="0.047">
    </testcase>
    <testcase classname="Containers E2E POST /v1/containers should fail without token" name="Containers E2E POST /v1/containers should fail without token" time="0.031">
    </testcase>
    <testcase classname="Containers E2E POST /v1/containers should fail with negative volume" name="Containers E2E POST /v1/containers should fail with negative volume" time="0.049">
    </testcase>
    <testcase classname="Containers E2E POST /v1/containers should fail with zero volume" name="Containers E2E POST /v1/containers should fail with zero volume" time="0.038">
    </testcase>
    <testcase classname="Containers E2E POST /v1/containers should accept a volume with at most two decimal places" name="Containers E2E POST /v1/containers should accept a volume with at most two decimal places" time="0.073">
    </testcase>
    <testcase classname="Containers E2E POST /v1/containers should reject a volume with more than two decimal places" name="Containers E2E POST /v1/containers should reject a volume with more than two decimal places" time="0.056">
    </testcase>
    <testcase classname="Containers E2E POST /v1/containers should reject unknown fields" name="Containers E2E POST /v1/containers should reject unknown fields" time="0.068">
    </testcase>
    <testcase classname="Containers E2E POST /v1/containers should fail with missing name" name="Containers E2E POST /v1/containers should fail with missing name" time="0.051">
    </testcase>
    <testcase classname="Containers E2E POST /v1/containers should fail with missing volume" name="Containers E2E POST /v1/containers should fail with missing volume" time="0.055">
    </testcase>
    <testcase classname="Containers E2E POST /v1/containers should fail with empty name" name="Containers E2E POST /v1/containers should fail with empty name" time="0.051">
    </testcase>
    <testcase classname="Containers E2E GET /v1/containers should return containers (admin)" name="Containers E2E GET /v1/containers should return containers (admin)" time="0.108">
    </testcase>
    <testcase classname="Containers E2E GET /v1/containers should return containers (user)" name="Containers E2E GET /v1/containers should return containers (user)" time="0.057">
    </testcase>
    <testcase classname="Containers E2E GET /v1/containers should filter by status (active)" name="Containers E2E GET /v1/containers should filter by status (active)" time="0.047">
    </testcase>
    <testcase classname="Containers E2E GET /v1/containers should filter by status (archived)" name="Containers E2E GET /v1/containers should filter by status (archived)" time="0.048">
    </testcase>
    <testcase classname="Containers E2E GET /v1/containers should paginate results" name="Containers E2E GET /v1/containers should paginate results" time="0.058">
    </testcase>
    <testcase classname="Containers E2E GET /v1/containers should sort by createdAt DESC" name="Containers E2E GET /v1/containers should sort by createdAt DESC" time="0.067">
    </testcase>
    <testcase classname="Containers E2E GET /v1/containers should sort by name ASC" name="Containers E2E GET /v1/containers should sort by name ASC" time="0.069">
    </testcase>
    <testcase classname="Containers E2E GET /v1/containers should include deleted containers" name="Containers E2E GET /v1/containers should include deleted containers" time="0.25">
    </testcase>
    <testcase classname="Containers E2E GET /v1/containers should fail with invalid status" name="Containers E2E GET /v1/containers should fail with invalid status" time="0.038">
    </testcase>
    <testcase classname="Containers E2E GET /v1/containers/active should return active containers" name="Containers E2E GET /v1/containers/active should return active containers" time="0.059">
    </testcase>
    <testcase classname="Containers E2E GET /v1/containers/active should return 200 even if no active containers" name="Containers E2E GET /v1/containers/active should return 200 even if no active containers" time="0.068">
    </testcase>
    <testcase classname="Containers E2E GET /v1/containers/active should paginate active containers" name="Containers E2E GET /v1/containers/active should paginate active containers" time="0.069">
    </testcase>
    <testcase classname="Containers E2E GET /v1/containers/archived should return archived containers" name="Containers E2E GET /v1/containers/archived should return archived containers" time="0.193">
    </testcase>
    <testcase classname="Containers E2E GET /v1/containers/archived should return 200 even if no archived containers" name="Containers E2E GET /v1/containers/archived should return 200 even if no archived containers" time="0.056">
    </testcase>
    <testcase classname="Containers E2E GET /v1/containers/deleted should return deleted containers (admin)" name="Containers E2E GET /v1/containers/deleted should return deleted containers (admin)" time="0.273">
    </testcase>
    <testcase classname="Containers E2E GET /v1/containers/deleted should fail for user role" name="Containers E2E GET /v1/containers/deleted should fail for user role" time="0.036">
    </testcase>
    <testcase classname="Containers E2E GET /v1/containers/deleted should fail without token" name="Containers E2E GET /v1/containers/deleted should fail without token" time="0.025">
    </testcase>
    <testcase classname="Containers E2E GET /v1/containers/search should search containers by name" name="Containers E2E GET /v1/containers/search should search containers by name" time="0.081">
    </testcase>
    <testcase classname="Containers E2E GET /v1/containers/search should search containers by containerCode" name="Containers E2E GET /v1/containers/search should search containers by containerCode" time="0.125">
    </testcase>
    <testcase classname="Containers E2E GET /v1/containers/search should return empty array for non-existent search" name="Containers E2E GET /v1/containers/search should return empty array for non-existent search" time="0.057">
    </testcase>
    <testcase classname="Containers E2E GET /v1/containers/search should fail with empty query" name="Containers E2E GET /v1/containers/search should fail with empty query" time="0.042">
    </testcase>
    <testcase classname="Containers E2E GET /v1/containers/search should fail with missing query" name="Containers E2E GET /v1/containers/search should fail with missing query" time="0.053">
    </testcase>
    <testcase classname="Containers E2E GET /v1/containers/search should paginate search results" name="Containers E2E GET /v1/containers/search should paginate search results" time="0.074">
    </testcase>
    <testcase classname="Containers E2E GET /v1/containers/:id should get container by id" name="Containers E2E GET /v1/containers/:id should get container by id" time="0.057">
    </testcase>
    <testcase classname="Containers E2E GET /v1/containers/:id should get container with includeDeleted=true for deleted container" name="Containers E2E GET /v1/containers/:id should get container with includeDeleted=true for deleted container" time="0.056">
    </testcase>
    <testcase classname="Containers E2E GET /v1/containers/:id should return 404 for non-existent container" name="Containers E2E GET /v1/containers/:id should return 404 for non-existent container" time="0.069">
    </testcase>
    <testcase classname="Containers E2E GET /v1/containers/:id should fail with invalid UUID format" name="Containers E2E GET /v1/containers/:id should fail with invalid UUID format" time="0.065">
    </testcase>
    <testcase classname="Containers E2E PUT /v1/containers/:id should update a container" name="Containers E2E PUT /v1/containers/:id should update a container" time="0.081">
    </testcase>
    <testcase classname="Containers E2E PUT /v1/containers/:id should update only name" name="Containers E2E PUT /v1/containers/:id should update only name" time="0.08">
    </testcase>
    <testcase classname="Containers E2E PUT /v1/containers/:id should update only description" name="Containers E2E PUT /v1/containers/:id should update only description" time="0.071">
    </testcase>
    <testcase classname="Containers E2E PUT /v1/containers/:id should fail for user role" name="Containers E2E PUT /v1/containers/:id should fail for user role" time="0.038">
    </testcase>
    <testcase classname="Containers E2E PUT /v1/containers/:id should fail without token" name="Containers E2E PUT /v1/containers/:id should fail without token" time="0.024">
    </testcase>
    <testcase classname="Containers E2E PUT /v1/containers/:id should fail for non-existent container" name="Containers E2E PUT /v1/containers/:id should fail for non-existent container" time="0.048">
    </testcase>
    <testcase classname="Containers E2E PUT /v1/containers/:id/status should update status to archived" name="Containers E2E PUT /v1/containers/:id/status should update status to archived" time="0.075">
    </testcase>
    <testcase classname="Containers E2E PUT /v1/containers/:id/status should update status back to active" name="Containers E2E PUT /v1/containers/:id/status should update status back to active" time="0.075">
    </testcase>
    <testcase classname="Containers E2E PUT /v1/containers/:id/status should update status to shipped" name="Containers E2E PUT /v1/containers/:id/status should update status to shipped" time="0.064">
    </testcase>
    <testcase classname="Containers E2E PUT /v1/containers/:id/status should fail with invalid status" name="Containers E2E PUT /v1/containers/:id/status should fail with invalid status" time="0.037">
    </testcase>
    <testcase classname="Containers E2E PUT /v1/containers/:id/status should fail with missing status" name="Containers E2E PUT /v1/containers/:id/status should fail with missing status" time="0.048">
    </testcase>
    <testcase classname="Containers E2E PUT /v1/containers/:id/status should fail for user role" name="Containers E2E PUT /v1/containers/:id/status should fail for user role" time="0.035">
    </testcase>
    <testcase classname="Containers E2E DELETE /v1/containers/:id (soft delete) should soft delete an empty container" name="Containers E2E DELETE /v1/containers/:id (soft delete) should soft delete an empty container" time="0.061">
    </testcase>
    <testcase classname="Containers E2E DELETE /v1/containers/:id (soft delete) should not find deleted container in normal GET" name="Containers E2E DELETE /v1/containers/:id (soft delete) should not find deleted container in normal GET" time="0.042">
    </testcase>
    <testcase classname="Containers E2E DELETE /v1/containers/:id (soft delete) should find deleted container with includeDeleted=true" name="Containers E2E DELETE /v1/containers/:id (soft delete) should find deleted container with includeDeleted=true" time="0.053">
    </testcase>
    <testcase classname="Containers E2E DELETE /v1/containers/:id (soft delete) should soft delete a container together with its items" name="Containers E2E DELETE /v1/containers/:id (soft delete) should soft delete a container together with its items" time="0.351">
    </testcase>
    <testcase classname="Containers E2E DELETE /v1/containers/:id (soft delete) should fail to soft delete for user role" name="Containers E2E DELETE /v1/containers/:id (soft delete) should fail to soft delete for user role" time="0.067">
    </testcase>
    <testcase classname="Containers E2E DELETE /v1/containers/:id (soft delete) should fail to soft delete without token" name="Containers E2E DELETE /v1/containers/:id (soft delete) should fail to soft delete without token" time="0.079">
    </testcase>
    <testcase classname="Containers E2E PUT /v1/containers/:id/restore should restore a soft-deleted container" name="Containers E2E PUT /v1/containers/:id/restore should restore a soft-deleted container" time="0.078">
    </testcase>
    <testcase classname="Containers E2E PUT /v1/containers/:id/restore should find restored container in normal GET" name="Containers E2E PUT /v1/containers/:id/restore should find restored container in normal GET" time="0.032">
    </testcase>
    <testcase classname="Containers E2E PUT /v1/containers/:id/restore should fail to restore non-deleted container" name="Containers E2E PUT /v1/containers/:id/restore should fail to restore non-deleted container" time="0.08">
    </testcase>
    <testcase classname="Containers E2E PUT /v1/containers/:id/restore should fail to restore for user role" name="Containers E2E PUT /v1/containers/:id/restore should fail to restore for user role" time="0.154">
    </testcase>
    <testcase classname="Containers E2E PUT /v1/containers/:id/restore should fail to restore non-existent container" name="Containers E2E PUT /v1/containers/:id/restore should fail to restore non-existent container" time="0.046">
    </testcase>
    <testcase classname="Containers E2E DELETE /v1/containers/:id/permanent should permanently delete a container" name="Containers E2E DELETE /v1/containers/:id/permanent should permanently delete a container" time="0.117">
    </testcase>
    <testcase classname="Containers E2E DELETE /v1/containers/:id/permanent should return 404 after permanent delete" name="Containers E2E DELETE /v1/containers/:id/permanent should return 404 after permanent delete" time="0.05">
    </testcase>
    <testcase classname="Containers E2E DELETE /v1/containers/:id/permanent should fail to permanently delete for user role" name="Containers E2E DELETE /v1/containers/:id/permanent should fail to permanently delete for user role" time="0.143">
    </testcase>
    <testcase classname="Containers E2E DELETE /v1/containers/:id/permanent should fail to permanently delete non-existent container" name="Containers E2E DELETE /v1/containers/:id/permanent should fail to permanently delete non-existent container" time="0.064">
    </testcase>
  </testsuite>
</testsuites>